<?xml version="1.0" encoding="UTF-8"?>
<testsuite xmlns:xsi="http://www.w3.org/2001/XMLSchema-instance" xsi:noNamespaceSchemaLocation="https://maven.apache.org/surefire/maven-surefire-plugin/xsd/surefire-test-report-3.0.xsd" version="3.0" name="Runner.cucumberRunner" time="110.821" tests="4" errors="0" skipped="0" failures="0">
  <properties>
[...]
</properties>
  <testcase name="Validate the Page Title" classname="Validating GreenKart Home Page" time="99.253">
    <system-out><![CDATA[
Scenario: Validate the Page Title                                         &amp#27;[90m# features/GreenKartHome.feature:3&amp#27;[0m
  &amp#27;[32mGiven &amp#27;[0m&amp#27;[32mAccess the URL &amp#27;[0m&amp#27;[32m&amp#27;[1m"https://rahulshettyacademy.com/seleniumPractise/"&amp#27;[0m &amp#27;[90m# stepDefinitions.HomePage.access_the_url(java.lang.String)&amp#27;[0m
  &amp#27;[32mWhen &amp#27;[0m&amp#27;[32mPage loads the Maximize the page&amp#27;[0m                                   &amp#27;[90m# stepDefinitions.HomePage.page_loads_the_maximize_the_page()&amp#27;[0m
GreenKart - veg and fruits kart
  &amp#27;[32mThen &amp#27;[0m&amp#27;[32mValidate the page title&amp#27;[0m                                            &amp#27;[90m# stepDefinitions.HomePage.validate_the_page_title()&amp#27;[0m
]]></system-out>
    <system-err><![CDATA[Jul 09, 2023 1:36:48 PM org.openqa.selenium.manager.SeleniumManager getDriverPath
INFO: Applicable driver not found; attempting to install with Selenium Manager (Beta)
SLF4J: Failed to load class "org.slf4j.impl.StaticLoggerBinder".
SLF4J: Defaulting to no-operation (NOP) logger implementation
SLF4J: See http://www.slf4j.org/codes.html#StaticLoggerBinder for further details.
Starting ChromeDriver 114.0.5735.90 (386bc09e8f4f2e025eddae123f36f6263096ae49-refs/branch-heads/5735@{#1052}) on port 44128
Only local connections are allowed.
Please see https://chromedriver.chromium.org/security-considerations for suggestions on keeping ChromeDriver safe.
ChromeDriver was started successfully.
[1688890089.025][WARNING]: Timed out connecting to Chrome, retrying...
Jul 09, 2023 1:38:14 PM org.openqa.selenium.devtools.CdpVersionFinder findNearestMatch
WARNING: Unable to find an exact match for CDP version 114, so returning the closest version found: 113
]]></system-err>
  </testcase>
  <testcase name="Validate the Product name" classname="Validating GreenKart Home Page" time="0.988">
    <system-out><![CDATA[
Scenario: Validate the Product name &amp#27;[90m# features/GreenKartHome.feature:9&amp#27;[0m
GREENKART
  &amp#27;[32mThen &amp#27;[0m&amp#27;[32mValidate the product name&amp#27;[0m    &amp#27;[90m# stepDefinitions.HomePage.validate_the_product_name()&amp#27;[0m
]]></system-out>
  </testcase>
  <testcase name="Validate the Search bar" classname="Validating GreenKart Home Page" time="1.089">
    <system-out><![CDATA[
Scenario: Validate the Search bar                                                    &amp#27;[90m# features/GreenKartHome.feature:13&amp#27;[0m
true
  &amp#27;[32mWhen &amp#27;[0m&amp#27;[32mVerify Whether search bar is visible&amp#27;[0m                                          &amp#27;[90m# stepDefinitions.HomePage.Verify_Whether_search_bar_is_visible()&amp#27;[0m
Search for Vegetables and Fruits
Test is Passed
  &amp#27;[32mThen &amp#27;[0m&amp#27;[32mValidate the Search field placeholder text &amp#27;[0m&amp#27;[32m&amp#27;[1m"Search for Vegetables and Fruits"&amp#27;[0m &amp#27;[90m# stepDefinitions.HomePage.Validate_the_Search_field_placeholder_text(java.lang.String)&amp#27;[0m
]]></system-out>
  </testcase>
  <testcase name="Validate the following keywords in search field" classname="Validating GreenKart Home Page" time="5.653">
    <system-out><![CDATA[
Scenario: Validate the following keywords in search field &amp#27;[90m# features/GreenKartHome.feature:18&amp#27;[0m
true
  &amp#27;[32mWhen &amp#27;[0m&amp#27;[32mVerify Whether search bar is visible&amp#27;[0m               &amp#27;[90m# stepDefinitions.HomePage.Verify_Whether_search_bar_is_visible()&amp#27;[0m
  &amp#27;[32mThen &amp#27;[0m&amp#27;[32mValidate the <Keywords> in search field area&amp#27;[0m       &amp#27;[90m# stepDefinitions.HomePage.validate_the_keywords_in_search_field_area(io.cucumber.datatable.DataTable)&amp#27;[0m
    | Apple | Orange | Tomato |
]]></system-out>
  </testcase>
</testsuite>